<?xml version="1.0" encoding="UTF-8"?>
<!-- Generated by org.testng.reporters.JUnitXMLReporter -->
<testsuite ignored="1" hostname="DISCW58ZLPC0829" failures="0" tests="1" name="Login Test" time="0.04" errors="0" timestamp="2022-12-30T10:36:20 IST">
  <testcase classname="listeners.LoginTest" name="loginByEmail" time="0.009"/>
  <testcase classname="listeners.LoginTest" name="loginByFacebook" time="0.0">
    <ignored/>
  </testcase> <!-- loginByFacebook -->
</testsuite> <!-- Login Test -->
